/home/user1/mambaforge/envs/miniprot/bin/quast.py Final_genome_with_Reference.fa.masked -r /home/user1/0_Workshop_2025/Genomes/Arabidopsis_GWHBDNP00000000_chr4.fasta --min-alignment 20000 --extensive-mis-size 500000 --min-identity 90 --threads 44

Version: 5.3.0

System information:
  OS: Linux-6.2.16-10-pve-x86_64-with-glibc2.35 (linux_64)
  Python version: 3.10.14
  CPUs number: 96

Started: 2025-02-05 06:22:32

Logging to /home/user1/0_Workshop_2025/Annotation/quast_results/results_2025_02_05_06_22_32/quast.log

CWD: /home/user1/0_Workshop_2025/Annotation
Main parameters: 
  MODE: default, threads: 44, min contig length: 500, min alignment length: 20000, min alignment IDY: 90.0, \
  ambiguity: one, min local misassembly length: 200, min extensive misassembly length: 500000

Reference:
  /home/user1/0_Workshop_2025/Genomes/Arabidopsis_GWHBDNP00000000_chr4.fasta ==> Arabidopsis_GWHBDNP00000000_chr4

Contigs:
  Pre-processing...
  Final_genome_with_Reference.fa.masked ==> Final_genome_with_Reference.fa.masked

2025-02-05 06:22:33
Running Basic statistics processor...
  Reference genome:
    Arabidopsis_GWHBDNP00000000_chr4.fasta, length = 22250686, num fragments = 1, GC % = 36.74
  Contig files: 
    Final_genome_with_Reference.fa.masked
  Calculating N50 and L50...
    Final_genome_with_Reference.fa.masked, N50 = 14886168, L50 = 1, auN = 12204928.3, Total length = 19099067, GC % = 36.27, # N's per 100 kbp =  0.00
  Drawing Nx plot...
    saved to /home/user1/0_Workshop_2025/Annotation/quast_results/results_2025_02_05_06_22_32/basic_stats/Nx_plot.pdf
  Drawing NGx plot...
    saved to /home/user1/0_Workshop_2025/Annotation/quast_results/results_2025_02_05_06_22_32/basic_stats/NGx_plot.pdf
  Drawing cumulative plot...
    saved to /home/user1/0_Workshop_2025/Annotation/quast_results/results_2025_02_05_06_22_32/basic_stats/cumulative_plot.pdf
  Drawing GC content plot...
    saved to /home/user1/0_Workshop_2025/Annotation/quast_results/results_2025_02_05_06_22_32/basic_stats/GC_content_plot.pdf
  Drawing Final_genome_with_Reference.fa.masked GC content plot...
    saved to /home/user1/0_Workshop_2025/Annotation/quast_results/results_2025_02_05_06_22_32/basic_stats/Final_genome_with_Reference.fa.masked_GC_content_plot.pdf
Done.

2025-02-05 06:22:36
Running Contig analyzer...
  Final_genome_with_Reference.fa.masked
  Logging to files /home/user1/0_Workshop_2025/Annotation/quast_results/results_2025_02_05_06_22_32/contigs_reports/contigs_report_Final_genome_with_Reference-fa-masked.stdout and contigs_report_Final_genome_with_Reference-fa-masked.stderr...
  Aligning contigs to the reference
  /home/user1/mambaforge/envs/miniprot/bin/minimap2 -c -x asm10 -B5 -O4,16 --no-long-join \
  -r 200 -N 50 -s 20000 -z 200 --mask-level 0.9 --min-occ 200 -g 2500 --score-N 2 \
  --cs -t 44 quast_results/results_2025_02_05_06_22_32/quast_corrected_input/Arabidopsis_GWHBDNP00000000_chr4.fasta \
  quast_results/results_2025_02_05_06_22_32/quast_corrected_input/Final_genome_with_Reference-fa-masked \
  > quast_results/results_2025_02_05_06_22_32/contigs_reports/minimap_output/Final_genome_with_Reference-fa-masked.coords_tmp \
  2>> quast_results/results_2025_02_05_06_22_32/contigs_reports/contigs_report_Final_genome_with_Reference-fa-masked.stderr
  Analysis is finished.

  Creating total report...
    saved to /home/user1/0_Workshop_2025/Annotation/quast_results/results_2025_02_05_06_22_32/contigs_reports/misassemblies_report.txt, misassemblies_report.tsv, and misassemblies_report.tex
  Transposed version of total report...
    saved to /home/user1/0_Workshop_2025/Annotation/quast_results/results_2025_02_05_06_22_32/contigs_reports/transposed_report_misassemblies.txt, transposed_report_misassemblies.tsv, and transposed_report_misassemblies.tex
  Creating total report...
    saved to /home/user1/0_Workshop_2025/Annotation/quast_results/results_2025_02_05_06_22_32/contigs_reports/unaligned_report.txt, unaligned_report.tsv, and unaligned_report.tex
  Drawing misassemblies by types plot...
    saved to /home/user1/0_Workshop_2025/Annotation/quast_results/results_2025_02_05_06_22_32/contigs_reports/misassemblies_plot.pdf
  Drawing misassemblies FRCurve plot...
    saved to /home/user1/0_Workshop_2025/Annotation/quast_results/results_2025_02_05_06_22_32/contigs_reports/misassemblies_frcurve_plot.pdf
Done.

2025-02-05 06:22:43
Running NA-NGA calculation...
  Final_genome_with_Reference.fa.masked, Largest alignment = 14753741, NA50 = 14753741, NGA50 = 14753741, LA50 = 1, LGA50 = 1
  Drawing cumulative plot...
    saved to /home/user1/0_Workshop_2025/Annotation/quast_results/results_2025_02_05_06_22_32/aligned_stats/cumulative_plot.pdf
  Drawing NAx plot...
    saved to /home/user1/0_Workshop_2025/Annotation/quast_results/results_2025_02_05_06_22_32/aligned_stats/NAx_plot.pdf
  Drawing NGAx plot...
    saved to /home/user1/0_Workshop_2025/Annotation/quast_results/results_2025_02_05_06_22_32/aligned_stats/NGAx_plot.pdf
Done.

2025-02-05 06:22:43
Running Genome analyzer...
  NOTICE: No file with genomic features were provided. Use the --features option if you want to specify it.

  NOTICE: No file with operons were provided. Use the -O option if you want to specify it.
  Final_genome_with_Reference.fa.masked
  Analysis is finished.
  Skipping drawing Genome fraction, % histogram... (less than 2 columns histogram makes no sense)
Done.

NOTICE: Genes are not predicted by default. Use --gene-finding or --glimmer option to enable it.

2025-02-05 06:22:47
Creating large visual summaries...
This may take a while: press Ctrl-C to skip this step..
  1 of 2: Creating PDF with all tables and plots...
  2 of 2: Creating Icarus viewers...
Done

2025-02-05 06:22:48
RESULTS:
  Text versions of total report are saved to /home/user1/0_Workshop_2025/Annotation/quast_results/results_2025_02_05_06_22_32/report.txt, report.tsv, and report.tex
  Text versions of transposed total report are saved to /home/user1/0_Workshop_2025/Annotation/quast_results/results_2025_02_05_06_22_32/transposed_report.txt, transposed_report.tsv, and transposed_report.tex
  HTML version (interactive tables and plots) is saved to /home/user1/0_Workshop_2025/Annotation/quast_results/results_2025_02_05_06_22_32/report.html
  PDF version (tables and plots) is saved to /home/user1/0_Workshop_2025/Annotation/quast_results/results_2025_02_05_06_22_32/report.pdf
  Icarus (contig browser) is saved to /home/user1/0_Workshop_2025/Annotation/quast_results/results_2025_02_05_06_22_32/icarus.html
  Log is saved to /home/user1/0_Workshop_2025/Annotation/quast_results/results_2025_02_05_06_22_32/quast.log

Finished: 2025-02-05 06:22:48
Elapsed time: 0:00:15.309593
NOTICEs: 3; WARNINGs: 0; non-fatal ERRORs: 0

Thank you for using QUAST!
